2025-09-27 15:49:37,270 [INFO] Extracting data...
2025-09-27 15:49:37,539 [INFO] Extracted 18979 row and 77 columns
2025-09-27 15:49:37,540 [INFO] Transforming data...
2025-09-27 15:49:37,795 [ERROR] Error while transforming: could not convert string to float: '183lbs'
2025-09-27 15:49:37,796 [CRITICAL] Pipeline failed: could not convert string to float: '183lbs'
2025-09-27 15:51:06,721 [INFO] Extracting data...
2025-09-27 15:51:06,985 [INFO] Extracted 18979 row and 77 columns
2025-09-27 15:51:06,985 [INFO] Transforming data...
2025-09-27 15:51:07,908 [INFO] Transform finished successfully.
2025-09-27 15:51:07,911 [INFO] Loading data to CSV...
2025-09-27 15:51:07,916 [ERROR] Error while saving CSV: [Errno 13] Permission denied: 'data/fifa21_clean.csv'
2025-09-27 15:51:07,917 [CRITICAL] Pipeline failed: [Errno 13] Permission denied: 'data/fifa21_clean.csv'
2025-09-27 15:51:36,994 [INFO] Extracting data...
2025-09-27 15:51:37,311 [INFO] Extracted 18979 row and 77 columns
2025-09-27 15:51:37,312 [INFO] Transforming data...
2025-09-27 15:51:38,544 [INFO] Transform finished successfully.
2025-09-27 15:51:38,547 [INFO] Loading data to CSV...
2025-09-27 15:51:38,551 [ERROR] Error while saving CSV: [Errno 13] Permission denied: 'data/fifa21_clean.csv'
2025-09-27 15:51:38,551 [CRITICAL] Pipeline failed: [Errno 13] Permission denied: 'data/fifa21_clean.csv'
2025-09-27 15:52:19,078 [INFO] Extracting data...
2025-09-27 15:52:19,368 [INFO] Extracted 18979 row and 77 columns
2025-09-27 15:52:19,369 [INFO] Transforming data...
2025-09-27 15:52:20,298 [INFO] Transform finished successfully.
2025-09-27 15:52:20,301 [INFO] Loading data to CSV...
2025-09-27 15:52:20,759 [INFO] Data saved to data/fifa21_clean.csv
2025-09-27 15:52:20,760 [INFO] Loading data to PostgreSQL...
2025-09-27 15:52:22,302 [ERROR] Error while saving to PostgreSQL: (psycopg2.ProgrammingError) can't adapt type 'type'
[SQL: INSERT INTO fifa21_clean ("ID", "Name", "Nationality", "Age", "OVA", "Club", "Contract", "Type of Contract", "Start year", "End year", "Height in cm", "Weight in kg", "Preferred Foot", "BOV", "Best Position", "Joined", "Value in Euro Million", "Wage  ... 660209 characters truncated ... AC__440)s, %(SHO__440)s, %(PAS__440)s, %(DRI__440)s, %(DEF__440)s, %(PHY__440)s, %(Hits_in_K__440)s)]
[parameters: {'FK_Accuracy__0': 94, 'Strength__0': 69, 'PAC__0': 85, 'Heading_Accuracy__0': 70, 'Marking__0': 32, 'Start_year__0': 2004, 'Interceptions__0': 40, 'Positioning__0': 93, 'Joined__0': 'Jul 1, 2004', 'GK_Positioning__0': 14, 'Nationality__0': 'Argentina', 'Finishing__0': 95, 'Shot_Power__0': 86, 'Crossing__0': 85, 'Long_Passing__0': 91, 'Agility__0': 91, 'Volleys__0': 88, 'Balance__0': 95, 'Dribbling__0': 96, 'Mentality_AVG__0': 58, 'Power_AVG__0': 78, 'Goalkeeping_AVG__0': 11, 'End_year__0': None, 'Wage_in_Euro__0': 560000, 'Release_Clause_in_Euro_Million__0': 138.4, 'Composure__0': 96, 'SM_Rating__0': '4', 'Value_in_Euro_Million__0': 103.5, 'Base_Stats__0': 466, 'Reactions__0': 94, 'Defending_AVG__0': 30, 'Sliding_Tackle__0': 24, 'Club__0': 'FC Barcelona', 'Contract__0': '2004 ~ 2021', 'Stamina__0': 72, 'Long_Shots__0': 94, 'PHY__0': 65, 'Height_in_cm__0': 170, 'Attacking_AVG__0': 86, 'Hits_in_K__0': 771.0, 'Movement_AVG__0': 90, 'DRI__0': 95, 'Penalties__0': 75, 'Aggression__0': 44, 'Age__0': 33, 'GK_Reflexes__0': 8, 'Vision__0': 95, 'Jumping__0': 68, 'ID__0': 158023, 'DEF__0': 38 ... 32534 parameters truncated ... 'Release_Clause_in_Euro_Million__440': 29.6, 'Composure__440': 67, 'SM_Rating__440': '3', 'Value_in_Euro_Million__440': 21.5, 'Base_Stats__440': 416, 'Reactions__440': 73, 'Defending_AVG__440': 70, 'Sliding_Tackle__440': 68, 'Club__440': 'Arsenal', 'Contract__440': '2016 ~ 2023', 'Stamina__440': 82, 'Long_Shots__440': 75, 'PHY__440': 80, 'Height_in_cm__440': 185, 'Attacking_AVG__440': 64, 'Hits_in_K__440': 89.0, 'Movement_AVG__440': 57, 'DRI__440': 69, 'Penalties__440': 63, 'Aggression__440': 91, 'Age__440': 27, 'GK_Reflexes__440': 13, 'Vision__440': 80, 'Jumping__440': 31, 'ID__440': 199503, 'DEF__440': 70, 'BOV__440': 80, 'Name__440': 'G. Xhaka', 'Total_Stats__440': 1973, 'GK_Diving__440': 7, 'Best_Position__440': 'CDM', 'Standing_Tackle__440': 71, 'Ball_Control__440': 80, 'Skill_AVG__440': 77, 'A/W__440': 'Low', 'Acceleration__440': 48, 'Preferred_Foot__440': 'Left', 'IR_Rating__440': '3 ', 'SHO__440': 65, 'D/W__440': 'Medium', 'PAS__440': 80, 'Sprint_Speed__440': 55, 'Curve__440': 76, 'W/F_Rating__440': '3 ', 'Short_Passing__440': 85, 'Type_of_Contract__440': <class 'str'>, 'OVA__440': 80, 'GK_Handling__440': 8, 'GK_Kicking__440': 11, 'Weight_in_kg__440': 80}]
(Background on this error at: https://sqlalche.me/e/20/f405)
2025-09-27 15:52:22,307 [CRITICAL] Pipeline failed: (psycopg2.ProgrammingError) can't adapt type 'type'
[SQL: INSERT INTO fifa21_clean ("ID", "Name", "Nationality", "Age", "OVA", "Club", "Contract", "Type of Contract", "Start year", "End year", "Height in cm", "Weight in kg", "Preferred Foot", "BOV", "Best Position", "Joined", "Value in Euro Million", "Wage  ... 660209 characters truncated ... AC__440)s, %(SHO__440)s, %(PAS__440)s, %(DRI__440)s, %(DEF__440)s, %(PHY__440)s, %(Hits_in_K__440)s)]
[parameters: {'FK_Accuracy__0': 94, 'Strength__0': 69, 'PAC__0': 85, 'Heading_Accuracy__0': 70, 'Marking__0': 32, 'Start_year__0': 2004, 'Interceptions__0': 40, 'Positioning__0': 93, 'Joined__0': 'Jul 1, 2004', 'GK_Positioning__0': 14, 'Nationality__0': 'Argentina', 'Finishing__0': 95, 'Shot_Power__0': 86, 'Crossing__0': 85, 'Long_Passing__0': 91, 'Agility__0': 91, 'Volleys__0': 88, 'Balance__0': 95, 'Dribbling__0': 96, 'Mentality_AVG__0': 58, 'Power_AVG__0': 78, 'Goalkeeping_AVG__0': 11, 'End_year__0': None, 'Wage_in_Euro__0': 560000, 'Release_Clause_in_Euro_Million__0': 138.4, 'Composure__0': 96, 'SM_Rating__0': '4', 'Value_in_Euro_Million__0': 103.5, 'Base_Stats__0': 466, 'Reactions__0': 94, 'Defending_AVG__0': 30, 'Sliding_Tackle__0': 24, 'Club__0': 'FC Barcelona', 'Contract__0': '2004 ~ 2021', 'Stamina__0': 72, 'Long_Shots__0': 94, 'PHY__0': 65, 'Height_in_cm__0': 170, 'Attacking_AVG__0': 86, 'Hits_in_K__0': 771.0, 'Movement_AVG__0': 90, 'DRI__0': 95, 'Penalties__0': 75, 'Aggression__0': 44, 'Age__0': 33, 'GK_Reflexes__0': 8, 'Vision__0': 95, 'Jumping__0': 68, 'ID__0': 158023, 'DEF__0': 38 ... 32534 parameters truncated ... 'Release_Clause_in_Euro_Million__440': 29.6, 'Composure__440': 67, 'SM_Rating__440': '3', 'Value_in_Euro_Million__440': 21.5, 'Base_Stats__440': 416, 'Reactions__440': 73, 'Defending_AVG__440': 70, 'Sliding_Tackle__440': 68, 'Club__440': 'Arsenal', 'Contract__440': '2016 ~ 2023', 'Stamina__440': 82, 'Long_Shots__440': 75, 'PHY__440': 80, 'Height_in_cm__440': 185, 'Attacking_AVG__440': 64, 'Hits_in_K__440': 89.0, 'Movement_AVG__440': 57, 'DRI__440': 69, 'Penalties__440': 63, 'Aggression__440': 91, 'Age__440': 27, 'GK_Reflexes__440': 13, 'Vision__440': 80, 'Jumping__440': 31, 'ID__440': 199503, 'DEF__440': 70, 'BOV__440': 80, 'Name__440': 'G. Xhaka', 'Total_Stats__440': 1973, 'GK_Diving__440': 7, 'Best_Position__440': 'CDM', 'Standing_Tackle__440': 71, 'Ball_Control__440': 80, 'Skill_AVG__440': 77, 'A/W__440': 'Low', 'Acceleration__440': 48, 'Preferred_Foot__440': 'Left', 'IR_Rating__440': '3 ', 'SHO__440': 65, 'D/W__440': 'Medium', 'PAS__440': 80, 'Sprint_Speed__440': 55, 'Curve__440': 76, 'W/F_Rating__440': '3 ', 'Short_Passing__440': 85, 'Type_of_Contract__440': <class 'str'>, 'OVA__440': 80, 'GK_Handling__440': 8, 'GK_Kicking__440': 11, 'Weight_in_kg__440': 80}]
(Background on this error at: https://sqlalche.me/e/20/f405)
2025-09-27 15:56:42,223 [INFO] Extracting data...
2025-09-27 15:56:42,469 [INFO] Extracted 18979 row and 77 columns
2025-09-27 15:56:42,469 [INFO] Transforming data...
2025-09-27 15:56:43,308 [INFO] Transform finished successfully.
2025-09-27 15:56:43,311 [INFO] Loading data to CSV...
2025-09-27 15:56:43,779 [INFO] Data saved to data/fifa21_clean.csv
2025-09-27 15:56:43,779 [INFO] Loading data to PostgreSQL...
2025-09-27 15:56:50,157 [INFO] Data loaded to PostgreSQL table fifa21_clean
2025-09-27 15:56:50,157 [INFO] ETL pipeline finished successfully.
